0 info it worked if it ends with ok
1 verbose cli [ '/usr/local/bin/node',
1 verbose cli   '/usr/local/bin/npm',
1 verbose cli   'run',
1 verbose cli   'dev-all-hook' ]
2 info using npm@3.10.9
3 info using node@v6.9.2
4 verbose run-script [ 'predev-all-hook', 'dev-all-hook', 'postdev-all-hook' ]
5 info lifecycle employee-management-system@1.0.1~predev-all-hook: employee-management-system@1.0.1
6 silly lifecycle employee-management-system@1.0.1~predev-all-hook: no script for predev-all-hook, continuing
7 info lifecycle employee-management-system@1.0.1~dev-all-hook: employee-management-system@1.0.1
8 verbose lifecycle employee-management-system@1.0.1~dev-all-hook: unsafe-perm in lifecycle true
9 verbose lifecycle employee-management-system@1.0.1~dev-all-hook: PATH: /usr/local/lib/node_modules/npm/bin/node-gyp-bin:/Users/mluo/Development/employee-management-mern-beta/node_modules/.bin:/Library/Frameworks/Python.framework/Versions/2.7/bin:/usr/local/bin:/usr/bin:/bin:/usr/sbin:/sbin
10 verbose lifecycle employee-management-system@1.0.1~dev-all-hook: CWD: /Users/mluo/Development/employee-management-mern-beta
11 silly lifecycle employee-management-system@1.0.1~dev-all-hook: Args: [ '-c',
11 silly lifecycle   'babel-node server/server.js --presets es2015&& npm start' ]
12 silly lifecycle employee-management-system@1.0.1~dev-all-hook: Returned: code: 1  signal: null
13 info lifecycle employee-management-system@1.0.1~dev-all-hook: Failed to exec dev-all-hook script
14 verbose stack Error: employee-management-system@1.0.1 dev-all-hook: `babel-node server/server.js --presets es2015&& npm start`
14 verbose stack Exit status 1
14 verbose stack     at EventEmitter.<anonymous> (/usr/local/lib/node_modules/npm/lib/utils/lifecycle.js:255:16)
14 verbose stack     at emitTwo (events.js:106:13)
14 verbose stack     at EventEmitter.emit (events.js:191:7)
14 verbose stack     at ChildProcess.<anonymous> (/usr/local/lib/node_modules/npm/lib/utils/spawn.js:40:14)
14 verbose stack     at emitTwo (events.js:106:13)
14 verbose stack     at ChildProcess.emit (events.js:191:7)
14 verbose stack     at maybeClose (internal/child_process.js:877:16)
14 verbose stack     at Process.ChildProcess._handle.onexit (internal/child_process.js:226:5)
15 verbose pkgid employee-management-system@1.0.1
16 verbose cwd /Users/mluo/Development/employee-management-mern-beta
17 error Darwin 16.6.0
18 error argv "/usr/local/bin/node" "/usr/local/bin/npm" "run" "dev-all-hook"
19 error node v6.9.2
20 error npm  v3.10.9
21 error code ELIFECYCLE
22 error employee-management-system@1.0.1 dev-all-hook: `babel-node server/server.js --presets es2015&& npm start`
22 error Exit status 1
23 error Failed at the employee-management-system@1.0.1 dev-all-hook script 'babel-node server/server.js --presets es2015&& npm start'.
23 error Make sure you have the latest version of node.js and npm installed.
23 error If you do, this is most likely a problem with the employee-management-system package,
23 error not with npm itself.
23 error Tell the author that this fails on your system:
23 error     babel-node server/server.js --presets es2015&& npm start
23 error You can get information on how to open an issue for this project with:
23 error     npm bugs employee-management-system
23 error Or if that isn't available, you can get their info via:
23 error     npm owner ls employee-management-system
23 error There is likely additional logging output above.
24 verbose exit [ 1, true ]
